c:\users\philip\documents\github\pogo-sticker-2\pogo sticker 2\pogo sticker 2\debug\vc120.pdb
c:\users\philip\documents\github\pogo-sticker-2\pogo sticker 2\pogo sticker 2\debug\vc120.idb
c:\users\philip\documents\github\pogo-sticker-2\pogo sticker 2\pogo sticker 2\debug\character.obj
c:\users\jonathan\documents\github\pogo-sticker-2\pogo sticker 2\pogo sticker 2\debug\vc120.pdb
c:\users\philip\documents\github\pogo-sticker-2\pogo sticker 2\pogo sticker 2\debug\rect.obj
c:\users\philip\documents\github\pogo-sticker-2\pogo sticker 2\pogo sticker 2\debug\camera.obj
c:\users\philip\documents\github\pogo-sticker-2\pogo sticker 2\pogo sticker 2\debug\g_button.obj
c:\users\philip\documents\github\pogo-sticker-2\pogo sticker 2\pogo sticker 2\debug\gravity.obj
c:\users\philip\documents\github\pogo-sticker-2\pogo sticker 2\pogo sticker 2\debug\label.obj
c:\users\philip\documents\github\pogo-sticker-2\pogo sticker 2\pogo sticker 2\debug\level.obj
c:\users\philip\documents\github\pogo-sticker-2\pogo sticker 2\pogo sticker 2\debug\main.obj
c:\users\philip\documents\github\pogo-sticker-2\pogo sticker 2\pogo sticker 2\debug\mainmenu.obj
c:\users\philip\documents\github\pogo-sticker-2\pogo sticker 2\pogo sticker 2\debug\tile.obj
c:\users\philip\documents\github\pogo-sticker-2\pogo sticker 2\pogo sticker 2\debug\timer.obj
c:\users\philip\documents\github\pogo-sticker-2\pogo sticker 2\pogo sticker 2\debug\viewport.obj
c:\users\philip\documents\github\pogo-sticker-2\pogo sticker 2\pogo sticker 2\debug\gameengine.obj
c:\users\philip\documents\github\pogo-sticker-2\pogo sticker 2\pogo sticker 2\debug\sprite.obj
c:\users\jonathan\documents\github\pogo-sticker-2\pogo sticker 2\debug\pogo sticker 2.ilk
c:\users\jonathan\documents\github\pogo-sticker-2\pogo sticker 2\debug\pogo sticker 2.exe
c:\users\jonathan\documents\github\pogo-sticker-2\pogo sticker 2\debug\pogo sticker 2.pdb
c:\users\philip\documents\github\pogo-sticker-2\pogo sticker 2\pogo sticker 2\debug\highscores.obj
c:\users\philip\documents\github\pogo-sticker-2\pogo sticker 2\debug\pogo sticker 2.pdb
c:\users\philip\documents\github\pogo-sticker-2\pogo sticker 2\pogo sticker 2\debug\pogo sticker 2.tlog\cl.command.1.tlog
c:\users\philip\documents\github\pogo-sticker-2\pogo sticker 2\pogo sticker 2\debug\pogo sticker 2.tlog\cl.read.1.tlog
c:\users\philip\documents\github\pogo-sticker-2\pogo sticker 2\pogo sticker 2\debug\pogo sticker 2.tlog\cl.write.1.tlog
c:\users\philip\documents\github\pogo-sticker-2\pogo sticker 2\pogo sticker 2\debug\pogo sticker 2.tlog\link.command.1.tlog
c:\users\philip\documents\github\pogo-sticker-2\pogo sticker 2\pogo sticker 2\debug\pogo sticker 2.tlog\link.read.1.tlog
c:\users\philip\documents\github\pogo-sticker-2\pogo sticker 2\pogo sticker 2\debug\pogo sticker 2.tlog\link.write.1.tlog
